#
# There is insufficient memory for the Java Runtime Environment to continue.
# Native memory allocation (malloc) failed to allocate 1048576 bytes. Error detail: AllocateHeap
# Possible reasons:
#   The system is out of physical RAM or swap space
#   This process is running with CompressedOops enabled, and the Java Heap may be blocking the growth of the native heap
# Possible solutions:
#   Reduce memory load on the system
#   Increase physical memory or swap space
#   Check if swap backing store is full
#   Decrease Java heap size (-Xmx/-Xms)
#   Decrease number of Java threads
#   Decrease Java thread stack sizes (-Xss)
#   Set larger code cache with -XX:ReservedCodeCacheSize=
#   JVM is running with Unscaled Compressed Oops mode in which the Java heap is
#     placed in the first 4GB address space. The Java Heap base address is the
#     maximum limit for the native heap growth. Please use -XX:HeapBaseMinAddress
#     to set the Java Heap base and to place the Java Heap above 4GB virtual address.
# This output file may be truncated or incomplete.
#
#  Out of Memory Error (allocation.cpp:44), pid=7252, tid=26980
#
# JRE version: OpenJDK Runtime Environment Temurin-21.0.10+7 (21.0.10+7) (build 21.0.10+7-LTS)
# Java VM: OpenJDK 64-Bit Server VM Temurin-21.0.10+7 (21.0.10+7-LTS, mixed mode, sharing, tiered, compressed oops, compressed class ptrs, parallel gc, windows-amd64)
# No core dump will be written. Minidumps are not enabled by default on client versions of Windows
#

---------------  S U M M A R Y ------------

Command Line: --add-modules=ALL-SYSTEM --add-opens=java.base/java.util=ALL-UNNAMED --add-opens=java.base/java.lang=ALL-UNNAMED --add-opens=java.base/sun.nio.fs=ALL-UNNAMED -Declipse.application=org.eclipse.jdt.ls.core.id1 -Dosgi.bundles.defaultStartLevel=4 -Declipse.product=org.eclipse.jdt.ls.core.product -Djava.import.generatesMetadataFilesAtProjectRoot=false -DDetectVMInstallationsJob.disabled=true -Dfile.encoding=utf8 -XX:+UseParallelGC -XX:GCTimeRatio=4 -XX:AdaptiveSizePolicyWeight=90 -Dsun.zip.disableMemoryMapping=true -Xmx2G -Xms100m -Xlog:disable -javaagent:c:\Users\HP\.vscode\extensions\redhat.java-1.53.0-win32-x64\lombok\lombok-1.18.39-4050.jar -XX:+HeapDumpOnOutOfMemoryError -XX:HeapDumpPath=c:\Users\HP\AppData\Roaming\Code\User\workspaceStorage\2fa86284aa2d782e6cc29e919a625255\redhat.java -Daether.dependencyCollector.impl=bf c:\Users\HP\.vscode\extensions\redhat.java-1.53.0-win32-x64\server\plugins\org.eclipse.equinox.launcher_1.7.100.v20251111-0406.jar -configuration c:\Users\HP\AppData\Roaming\Code\User\globalStorage\redhat.java\1.53.0\config_win -data c:\Users\HP\AppData\Roaming\Code\User\workspaceStorage\2fa86284aa2d782e6cc29e919a625255\redhat.java\jdt_ws --pipe=\\.\pipe\lsp-f353cf7ba3ff8483373a08624acfd251-sock

Host: 13th Gen Intel(R) Core(TM) i7-1355U, 12 cores, 15G,  Windows 11 , 64 bit Build 26100 (10.0.26100.8115)
Time: Mon Apr 13 00:34:40 2026 SE Asia Standard Time elapsed time: 315.177980 seconds (0d 0h 5m 15s)

---------------  T H R E A D  ---------------

Current thread (0x00000187c9397c00):  JavaThread "Attach Listener" daemon [_thread_in_vm, id=26980, stack(0x0000003d28000000,0x0000003d28100000) (1024K)]

Stack: [0x0000003d28000000,0x0000003d28100000]
Native frames: (J=compiled Java code, j=interpreted, Vv=VM code, C=native code)
V  [jvm.dll+0x6d7a39]
V  [jvm.dll+0x8b4b26]
V  [jvm.dll+0x8b70de]
V  [jvm.dll+0x8b77c3]
V  [jvm.dll+0x284346]
V  [jvm.dll+0xc1277]
V  [jvm.dll+0x6d82e9]
V  [jvm.dll+0x1334a6]
V  [jvm.dll+0x3f857e]
V  [jvm.dll+0x85f59d]
V  [jvm.dll+0x6d626d]
C  [ucrtbase.dll+0x37b0]
C  [KERNEL32.DLL+0x2e8d7]
C  [ntdll.dll+0x8c3fc]


---------------  P R O C E S S  ---------------

Threads class SMR info:
_java_thread_list=0x0000018820bad120, length=77, elements={
0x00000187b0669f60, 0x00000187b29adc60, 0x00000187c938f490, 0x00000187c9396df0,
0x00000187c9397c00, 0x00000187c939bdc0, 0x00000187c939e3d0, 0x000001880b79f110,
0x000001880b7a1b00, 0x000001880b988b40, 0x000001880bad3590, 0x00000188111a4ac0,
0x000001880cf0fa70, 0x000001881110c090, 0x000001880ceda930, 0x00000188119fe850,
0x000001881136ed60, 0x00000188115b12d0, 0x0000018811aa0ec0, 0x0000018811aa1550,
0x0000018811aa1be0, 0x0000018811a9edf0, 0x0000018811aa0830, 0x000001881303c880,
0x000001881303a120, 0x000001881303c1f0, 0x000001881303b4d0, 0x000001881303ae40,
0x0000018813039400, 0x000001881303cf10, 0x0000018813039a90, 0x000001881303a7b0,
0x000001881303d5a0, 0x000001881303dc30, 0x000001881303e2c0, 0x000001881303e950,
0x000001881303efe0, 0x00000188147644f0, 0x0000018814768000, 0x00000188147665c0,
0x0000018814765210, 0x0000018814765f30, 0x0000018814768d20, 0x00000188147658a0,
0x0000018814769a40, 0x000001881476a0d0, 0x0000018814766c50, 0x000001881476b480,
0x000001881476a760, 0x000001881476adf0, 0x000001881476bb10, 0x0000018814de37f0,
0x0000018814de1090, 0x0000018814de1720, 0x0000018814de3e80, 0x0000018814de58c0,
0x0000018814de2440, 0x0000018814de65e0, 0x0000018814de7990, 0x0000018814de86b0,
0x0000018814de7300, 0x0000018814de5f50, 0x0000018814de6c70, 0x0000018820362400,
0x000001882035fca0, 0x00000188203644d0, 0x000001881ff8a8c0, 0x000001881ff8af50,
0x000001881ff89ba0, 0x000001881ff88e80, 0x000001881ff88160, 0x000001881ff8c300,
0x000001881ff8c990, 0x000001881ff89510, 0x000001881ff8a230, 0x000001881ff8e3d0,
0x000001881ff887f0
}

Java Threads: ( => current thread )
  0x00000187b0669f60 JavaThread "main"                              [_thread_blocked, id=28840, stack(0x0000003d27900000,0x0000003d27a00000) (1024K)]
  0x00000187b29adc60 JavaThread "Reference Handler"          daemon [_thread_blocked, id=30124, stack(0x0000003d27d00000,0x0000003d27e00000) (1024K)]
  0x00000187c938f490 JavaThread "Finalizer"                  daemon [_thread_blocked, id=17140, stack(0x0000003d27e00000,0x0000003d27f00000) (1024K)]
  0x00000187c9396df0 JavaThread "Signal Dispatcher"          daemon [_thread_blocked, id=772, stack(0x0000003d27f00000,0x0000003d28000000) (1024K)]
=>0x00000187c9397c00 JavaThread "Attach Listener"            daemon [_thread_in_vm, id=26980, stack(0x0000003d28000000,0x0000003d28100000) (1024K)]
  0x00000187c939bdc0 JavaThread "Service Thread"             daemon [_thread_blocked, id=27540, stack(0x0000003d28100000,0x0000003d28200000) (1024K)]
  0x00000187c939e3d0 JavaThread "Monitor Deflation Thread"   daemon [_thread_blocked, id=27236, stack(0x0000003d28200000,0x0000003d28300000) (1024K)]
  0x000001880b79f110 JavaThread "C2 CompilerThread0"         daemon [_thread_blocked, id=29328, stack(0x0000003d28300000,0x0000003d28400000) (1024K)]
  0x000001880b7a1b00 JavaThread "C1 CompilerThread0"         daemon [_thread_blocked, id=2328, stack(0x0000003d28400000,0x0000003d28500000) (1024K)]
  0x000001880b988b40 JavaThread "Common-Cleaner"             daemon [_thread_blocked, id=17560, stack(0x0000003d28600000,0x0000003d28700000) (1024K)]
  0x000001880bad3590 JavaThread "Notification Thread"        daemon [_thread_blocked, id=31160, stack(0x0000003d28700000,0x0000003d28800000) (1024K)]
  0x00000188111a4ac0 JavaThread "Active Thread: Equinox Container: 5ed25aa1-2415-49b7-8512-e3a808382123"        [_thread_blocked, id=30600, stack(0x0000003d28f00000,0x0000003d29000000) (1024K)]
  0x000001880cf0fa70 JavaThread "Refresh Thread: Equinox Container: 5ed25aa1-2415-49b7-8512-e3a808382123" daemon [_thread_blocked, id=14252, stack(0x0000003d29100000,0x0000003d29200000) (1024K)]
  0x000001881110c090 JavaThread "Framework Event Dispatcher: Equinox Container: 5ed25aa1-2415-49b7-8512-e3a808382123" daemon [_thread_blocked, id=29820, stack(0x0000003d29200000,0x0000003d29300000) (1024K)]
  0x000001880ceda930 JavaThread "Start Level: Equinox Container: 5ed25aa1-2415-49b7-8512-e3a808382123" daemon [_thread_blocked, id=15944, stack(0x0000003d29300000,0x0000003d29400000) (1024K)]
  0x00000188119fe850 JavaThread "Bundle File Closer"         daemon [_thread_blocked, id=23468, stack(0x0000003d29600000,0x0000003d29700000) (1024K)]
  0x000001881136ed60 JavaThread "SCR Component Actor"        daemon [_thread_blocked, id=9648, stack(0x0000003d29700000,0x0000003d29800000) (1024K)]
  0x00000188115b12d0 JavaThread "Worker-JM"                         [_thread_blocked, id=27696, stack(0x0000003d29800000,0x0000003d29900000) (1024K)]
  0x0000018811aa0ec0 JavaThread "JNA Cleaner"                daemon [_thread_blocked, id=29880, stack(0x0000003d28500000,0x0000003d28600000) (1024K)]
  0x0000018811aa1550 JavaThread "Worker-1"                          [_thread_blocked, id=14212, stack(0x0000003d29900000,0x0000003d29a00000) (1024K)]
  0x0000018811aa1be0 JavaThread "Java indexing"              daemon [_thread_blocked, id=29436, stack(0x0000003d29c00000,0x0000003d29d00000) (1024K)]
  0x0000018811a9edf0 JavaThread "Thread-1"                   daemon [_thread_in_native, id=28996, stack(0x0000003d2a200000,0x0000003d2a300000) (1024K)]
  0x0000018811aa0830 JavaThread "Thread-2"                   daemon [_thread_in_native, id=15740, stack(0x0000003d2a300000,0x0000003d2a400000) (1024K)]
  0x000001881303c880 JavaThread "Thread-3"                   daemon [_thread_in_native, id=29668, stack(0x0000003d2a400000,0x0000003d2a500000) (1024K)]
  0x000001881303a120 JavaThread "Thread-4"                   daemon [_thread_in_native, id=13036, stack(0x0000003d2a500000,0x0000003d2a600000) (1024K)]
  0x000001881303c1f0 JavaThread "Thread-5"                   daemon [_thread_in_native, id=1232, stack(0x0000003d2a600000,0x0000003d2a700000) (1024K)]
  0x000001881303b4d0 JavaThread "Thread-6"                   daemon [_thread_in_native, id=28328, stack(0x0000003d2a700000,0x0000003d2a800000) (1024K)]
  0x000001881303ae40 JavaThread "Thread-7"                   daemon [_thread_in_native, id=30736, stack(0x0000003d2a800000,0x0000003d2a900000) (1024K)]
  0x0000018813039400 JavaThread "Thread-8"                   daemon [_thread_in_native, id=30984, stack(0x0000003d2a900000,0x0000003d2aa00000) (1024K)]
  0x000001881303cf10 JavaThread "Thread-9"                   daemon [_thread_in_native, id=2904, stack(0x0000003d2aa00000,0x0000003d2ab00000) (1024K)]
  0x0000018813039a90 JavaThread "Thread-10"                  daemon [_thread_in_native, id=12084, stack(0x0000003d2ab00000,0x0000003d2ac00000) (1024K)]
  0x000001881303a7b0 JavaThread "Thread-11"                  daemon [_thread_in_native, id=15528, stack(0x0000003d2ac00000,0x0000003d2ad00000) (1024K)]
  0x000001881303d5a0 JavaThread "Thread-12"                  daemon [_thread_in_native, id=28188, stack(0x0000003d2ad00000,0x0000003d2ae00000) (1024K)]
  0x000001881303dc30 JavaThread "Thread-13"                  daemon [_thread_in_native, id=30980, stack(0x0000003d2ae00000,0x0000003d2af00000) (1024K)]
  0x000001881303e2c0 JavaThread "pool-2-thread-1"                   [_thread_blocked, id=11208, stack(0x0000003d2af00000,0x0000003d2b000000) (1024K)]
  0x000001881303e950 JavaThread "WorkspaceEventsHandler"            [_thread_blocked, id=29692, stack(0x0000003d2b000000,0x0000003d2b100000) (1024K)]
  0x000001881303efe0 JavaThread "pool-1-thread-1"                   [_thread_blocked, id=10084, stack(0x0000003d2b100000,0x0000003d2b200000) (1024K)]
  0x00000188147644f0 JavaThread "LocalFile Deleter"          daemon [_thread_blocked, id=29956, stack(0x0000003d2b300000,0x0000003d2b400000) (1024K)]
  0x0000018814768000 JavaThread "LocalFile Deleter"          daemon [_thread_blocked, id=30380, stack(0x0000003d2b400000,0x0000003d2b500000) (1024K)]
  0x00000188147665c0 JavaThread "LocalFile Deleter"          daemon [_thread_blocked, id=25732, stack(0x0000003d2b500000,0x0000003d2b600000) (1024K)]
  0x0000018814765210 JavaThread "LocalFile Deleter"          daemon [_thread_blocked, id=29844, stack(0x0000003d2b600000,0x0000003d2b700000) (1024K)]
  0x0000018814765f30 JavaThread "LocalFile Deleter"          daemon [_thread_blocked, id=23848, stack(0x0000003d2b700000,0x0000003d2b800000) (1024K)]
  0x0000018814768d20 JavaThread "LocalFile Deleter"          daemon [_thread_blocked, id=30512, stack(0x0000003d2bb00000,0x0000003d2bc00000) (1024K)]
  0x00000188147658a0 JavaThread "LocalFile Deleter"          daemon [_thread_blocked, id=29704, stack(0x0000003d2bc00000,0x0000003d2bd00000) (1024K)]
  0x0000018814769a40 JavaThread "LocalFile Deleter"          daemon [_thread_blocked, id=26252, stack(0x0000003d2be00000,0x0000003d2bf00000) (1024K)]
  0x000001881476a0d0 JavaThread "Compiler Source File Reader" daemon [_thread_blocked, id=31288, stack(0x0000003d2bf00000,0x0000003d2c000000) (1024K)]
  0x0000018814766c50 JavaThread "Compiler Source File Reader" daemon [_thread_blocked, id=30488, stack(0x0000003d2c000000,0x0000003d2c100000) (1024K)]
  0x000001881476b480 JavaThread "Compiler Source File Reader" daemon [_thread_blocked, id=12064, stack(0x0000003d2c100000,0x0000003d2c200000) (1024K)]
  0x000001881476a760 JavaThread "Compiler Source File Reader" daemon [_thread_blocked, id=30892, stack(0x0000003d2c200000,0x0000003d2c300000) (1024K)]
  0x000001881476adf0 JavaThread "Compiler Source File Reader" daemon [_thread_blocked, id=30556, stack(0x0000003d2c300000,0x0000003d2c400000) (1024K)]
  0x000001881476bb10 JavaThread "Compiler Source File Reader" daemon [_thread_blocked, id=1820, stack(0x0000003d2c400000,0x0000003d2c500000) (1024K)]
  0x0000018814de37f0 JavaThread "Compiler Source File Reader" daemon [_thread_blocked, id=17636, stack(0x0000003d2c500000,0x0000003d2c600000) (1024K)]
  0x0000018814de1090 JavaThread "Compiler Source File Reader" daemon [_thread_blocked, id=31312, stack(0x0000003d2c600000,0x0000003d2c700000) (1024K)]
  0x0000018814de1720 JavaThread "Compiler Source File Reader" daemon [_thread_blocked, id=31060, stack(0x0000003d2c700000,0x0000003d2c800000) (1024K)]
  0x0000018814de3e80 JavaThread "Compiler Source File Reader" daemon [_thread_blocked, id=31116, stack(0x0000003d2c800000,0x0000003d2c900000) (1024K)]
  0x0000018814de58c0 JavaThread "Compiler Class File Writer" daemon [_thread_blocked, id=31128, stack(0x0000003d2ca00000,0x0000003d2cb00000) (1024K)]
  0x0000018814de2440 JavaThread "Compiler Class File Writer" daemon [_thread_blocked, id=4412, stack(0x0000003d2cb00000,0x0000003d2cc00000) (1024K)]
  0x0000018814de65e0 JavaThread "Compiler Class File Writer" daemon [_thread_blocked, id=27536, stack(0x0000003d2cc00000,0x0000003d2cd00000) (1024K)]
  0x0000018814de7990 JavaThread "Compiler Class File Writer" daemon [_thread_blocked, id=8136, stack(0x0000003d2cd00000,0x0000003d2ce00000) (1024K)]
  0x0000018814de86b0 JavaThread "Compiler Class File Writer" daemon [_thread_blocked, id=31584, stack(0x0000003d2ce00000,0x0000003d2cf00000) (1024K)]
  0x0000018814de7300 JavaThread "Compiler Class File Writer" daemon [_thread_blocked, id=10568, stack(0x0000003d2cf00000,0x0000003d2d000000) (1024K)]
  0x0000018814de5f50 JavaThread "Compiler Class File Writer" daemon [_thread_blocked, id=31544, stack(0x0000003d2d000000,0x0000003d2d100000) (1024K)]
  0x0000018814de6c70 JavaThread "Compiler Class File Writer" daemon [_thread_blocked, id=30920, stack(0x0000003d2d100000,0x0000003d2d200000) (1024K)]
  0x0000018820362400 JavaThread "Compiler Class File Writer" daemon [_thread_blocked, id=17156, stack(0x0000003d2d200000,0x0000003d2d300000) (1024K)]
  0x000001882035fca0 JavaThread "Compiler Class File Writer" daemon [_thread_blocked, id=26084, stack(0x0000003d2d300000,0x0000003d2d400000) (1024K)]
  0x00000188203644d0 JavaThread "ForkJoinPool.commonPool-worker-1" daemon [_thread_blocked, id=30372, stack(0x0000003d2d400000,0x0000003d2d500000) (1024K)]
  0x000001881ff8a8c0 JavaThread "ForkJoinPool.commonPool-worker-2" daemon [_thread_blocked, id=30388, stack(0x0000003d2d500000,0x0000003d2d600000) (1024K)]
  0x000001881ff8af50 JavaThread "ForkJoinPool.commonPool-worker-5" daemon [_thread_blocked, id=11644, stack(0x0000003d2d800000,0x0000003d2d900000) (1024K)]
  0x000001881ff89ba0 JavaThread "ForkJoinPool.commonPool-worker-7" daemon [_thread_blocked, id=2236, stack(0x0000003d2da00000,0x0000003d2db00000) (1024K)]
  0x000001881ff88e80 JavaThread "ForkJoinPool.commonPool-worker-9" daemon [_thread_blocked, id=25520, stack(0x0000003d2dc00000,0x0000003d2dd00000) (1024K)]
  0x000001881ff88160 JavaThread "ForkJoinPool.commonPool-worker-10" daemon [_thread_blocked, id=30180, stack(0x0000003d2dd00000,0x0000003d2de00000) (1024K)]
  0x000001881ff8c300 JavaThread "ForkJoinPool.commonPool-worker-11" daemon [_thread_blocked, id=26596, stack(0x0000003d2de00000,0x0000003d2df00000) (1024K)]
  0x000001881ff8c990 JavaThread "Worker-6"                          [_thread_blocked, id=30192, stack(0x0000003d28800000,0x0000003d28900000) (1024K)]
  0x000001881ff89510 JavaThread "Worker-7"                          [_thread_blocked, id=31932, stack(0x0000003d27600000,0x0000003d27700000) (1024K)]
  0x000001881ff8a230 JavaThread "Compiler Processing Task"   daemon [_thread_blocked, id=2604, stack(0x0000003d29a00000,0x0000003d29b00000) (1024K)]
  0x000001881ff8e3d0 JavaThread "Worker-8"                          [_thread_blocked, id=30624, stack(0x0000003d29b00000,0x0000003d29c00000) (1024K)]
  0x000001881ff887f0 JavaThread "Worker-9"                          [_thread_blocked, id=19356, stack(0x0000003d29d00000,0x0000003d29e00000) (1024K)]
Total: 77

Other Threads:
  0x00000187b299ac60 VMThread "VM Thread"                           [id=21320, stack(0x0000003d27c00000,0x0000003d27d00000) (1024K)]
  0x00000187c927ca00 WatcherThread "VM Periodic Task Thread"        [id=26428, stack(0x0000003d27b00000,0x0000003d27c00000) (1024K)]
  0x00000187b2917b50 WorkerThread "GC Thread#0"                     [id=10276, stack(0x0000003d27a00000,0x0000003d27b00000) (1024K)]
  0x000001880cc90b10 WorkerThread "GC Thread#1"                     [id=8900, stack(0x0000003d28900000,0x0000003d28a00000) (1024K)]
  0x0000018811063eb0 WorkerThread "GC Thread#2"                     [id=24904, stack(0x0000003d28a00000,0x0000003d28b00000) (1024K)]
  0x000001881108eaa0 WorkerThread "GC Thread#3"                     [id=27928, stack(0x0000003d28b00000,0x0000003d28c00000) (1024K)]
  0x000001881108ee50 WorkerThread "GC Thread#4"                     [id=25176, stack(0x0000003d28c00000,0x0000003d28d00000) (1024K)]
  0x000001880cf1f980 WorkerThread "GC Thread#5"                     [id=31500, stack(0x0000003d28d00000,0x0000003d28e00000) (1024K)]
  0x000001880cf1fd30 WorkerThread "GC Thread#6"                     [id=15840, stack(0x0000003d28e00000,0x0000003d28f00000) (1024K)]
  0x000001880cedbe80 WorkerThread "GC Thread#7"                     [id=29772, stack(0x0000003d29000000,0x0000003d29100000) (1024K)]
  0x0000018811058e10 WorkerThread "GC Thread#8"                     [id=30608, stack(0x0000003d29400000,0x0000003d29500000) (1024K)]
  0x0000018811372740 WorkerThread "GC Thread#9"                     [id=1628, stack(0x0000003d29500000,0x0000003d29600000) (1024K)]
Total: 12

Threads with active compile tasks:
Total: 0

VM state: not at safepoint (normal execution)

VM Mutex/Monitor currently owned by a thread: None

Heap address: 0x0000000080000000, size: 2048 MB, Compressed Oops mode: 32-bit

CDS archive(s) mapped at: [0x00000187ca000000-0x00000187caba0000-0x00000187caba0000), size 12189696, SharedBaseAddress: 0x00000187ca000000, ArchiveRelocationMode: 1.
Compressed class space mapped at: 0x00000187cb000000-0x000001880b000000, reserved size: 1073741824
Narrow klass base: 0x00000187ca000000, Narrow klass shift: 0, Narrow klass range: 0x100000000

GC Precious Log:
 CardTable entry size: 512
 CPUs: 12 total, 12 available
 Memory: 16024M
 Large Page Support: Disabled
 NUMA Support: Disabled
 Compressed Oops: Enabled (32-bit)
 Alignments: Space 512K, Generation 512K, Heap 2M
 Heap Min Capacity: 100M
 Heap Initial Capacity: 100M
 Heap Max Capacity: 2G
 Pre-touch: Disabled
 Parallel Workers: 10

Heap:
 PSYoungGen      total 5120K, used 2261K [0x00000000d5580000, 0x00000000d5b80000, 0x0000000100000000)
  eden space 4096K, 45% used [0x00000000d5580000,0x00000000d574d4f8,0x00000000d5980000)
  from space 1024K, 40% used [0x00000000d5980000,0x00000000d59e8000,0x00000000d5a80000)
  to   space 1024K, 0% used [0x00000000d5a80000,0x00000000d5a80000,0x00000000d5b80000)
 ParOldGen       total 573440K, used 573340K [0x0000000080000000, 0x00000000a3000000, 0x00000000d5580000)
  object space 573440K, 99% used [0x0000000080000000,0x00000000a2fe70c0,0x00000000a3000000)
 Metaspace       used 72224K, committed 73856K, reserved 1179648K
  class space    used 7190K, committed 7936K, reserved 1048576K

Card table byte_map: [0x00000187b22b0000,0x00000187b26c0000] _byte_map_base: 0x00000187b1eb0000

Marking Bits: (ParMarkBitMap*) 0x00007ff8594e3450
 Begin Bits: [0x00000187c4da0000, 0x00000187c6da0000)
 End Bits:   [0x00000187c6da0000, 0x00000187c8da0000)

Polling page: 0x00000187b0af0000

Metaspace:

Usage:
  Non-class:     63.51 MB used.
      Class:      7.02 MB used.
       Both:     70.53 MB used.

Virtual space:
  Non-class space:      128.00 MB reserved,      64.38 MB ( 50%) committed,  2 nodes.
      Class space:        1.00 GB reserved,       7.75 MB ( <1%) committed,  1 nodes.
             Both:        1.12 GB reserved,      72.12 MB (  6%) committed. 

Chunk freelists:
   Non-Class:  14.84 MB
       Class:  8.10 MB
        Both:  22.95 MB

MaxMetaspaceSize: unlimited
CompressedClassSpaceSize: 1.00 GB
Initial GC threshold: 21.00 MB
Current GC threshold: 114.31 MB
CDS: on
 - commit_granule_bytes: 65536.
 - commit_granule_words: 8192.
 - virtual_space_node_default_size: 8388608.
 - enlarge_chunks_in_place: 1.
 - use_allocation_guard: 0.


Internal statistics:

num_allocs_failed_limit: 9.
num_arena_births: 1434.
num_arena_deaths: 22.
num_vsnodes_births: 3.
num_vsnodes_deaths: 0.
num_space_committed: 1154.
num_space_uncommitted: 0.
num_chunks_returned_to_freelist: 35.
num_chunks_taken_from_freelist: 5086.
num_chunk_merges: 20.
num_chunk_splits: 3051.
num_chunks_enlarged: 1601.
num_inconsistent_stats: 0.

CodeHeap 'non-profiled nmethods': size=120000Kb used=17763Kb max_used=17763Kb free=102236Kb
 bounds [0x00000187bd5c0000, 0x00000187be720000, 0x00000187c4af0000]
CodeHeap 'profiled nmethods': size=120000Kb used=45249Kb max_used=45249Kb free=74750Kb
 bounds [0x00000187b5af0000, 0x00000187b8730000, 0x00000187bd020000]
CodeHeap 'non-nmethods': size=5760Kb used=1436Kb max_used=1527Kb free=4323Kb
 bounds [0x00000187bd020000, 0x00000187bd290000, 0x00000187bd5c0000]
CodeCache: size=245760Kb, used=64448Kb, max_used=64539Kb, free=181309Kb
 total_blobs=19036, nmethods=18286, adapters=652, full_count=0
Compilation: enabled, stopped_count=0, restarted_count=0

Compilation events (20 events):
Event: 307.184 Thread 0x000001880b7a1b00 20679   !   3       com.sun.org.apache.xerces.internal.parsers.DOMParser::setFeature (125 bytes)
Event: 307.184 Thread 0x000001880b7a1b00 nmethod 20679 0x00000187b871c590 code [0x00000187b871c840, 0x00000187b871d488]
Event: 307.184 Thread 0x000001880b7a1b00 20680       3       com.sun.org.apache.xerces.internal.util.ParserConfigurationSettings::getFeature (31 bytes)
Event: 307.184 Thread 0x000001880b7a1b00 nmethod 20680 0x00000187b871d910 code [0x00000187b871dae0, 0x00000187b871de20]
Event: 307.186 Thread 0x0000018813387440 20681       4       java.io.File::exists (34 bytes)
Event: 307.189 Thread 0x0000018813387440 nmethod 20681 0x00000187be717390 code [0x00000187be717560, 0x00000187be7178f8]
Event: 307.196 Thread 0x000001880b7a1b00 20682       1       com.sun.org.apache.xerces.internal.impl.XMLEntityManager::setEntityHandler (6 bytes)
Event: 307.196 Thread 0x000001880b7a1b00 nmethod 20682 0x00000187be717d10 code [0x00000187be717ea0, 0x00000187be717f80]
Event: 307.196 Thread 0x000001880b7a1b00 20683       1       com.sun.org.apache.xerces.internal.impl.XMLDocumentFragmentScannerImpl::setDocumentHandler (6 bytes)
Event: 307.196 Thread 0x000001880b7a1b00 nmethod 20683 0x00000187be718010 code [0x00000187be7181a0, 0x00000187be718288]
Event: 307.196 Thread 0x000001880b7a1b00 20684       1       com.sun.org.apache.xerces.internal.parsers.AbstractXMLDocumentParser::setDocumentSource (6 bytes)
Event: 307.196 Thread 0x000001880b7a1b00 nmethod 20684 0x00000187be718310 code [0x00000187be7184a0, 0x00000187be718580]
Event: 307.206 Thread 0x000001880b7a1b00 20685       3       org.eclipse.core.internal.dtree.DataTreeNode::compareWith (74 bytes)
Event: 307.206 Thread 0x000001880b79f110 20687       4       org.eclipse.core.internal.dtree.DataTreeNode::<init> (12 bytes)
Event: 307.206 Thread 0x000001880b7a1b00 nmethod 20685 0x00000187b871df90 code [0x00000187b871e180, 0x00000187b871e6f0]
Event: 307.206 Thread 0x000001880b7a1b00 20686       3       org.eclipse.core.internal.dtree.AbstractDataTreeNode::compareWith (364 bytes)
Event: 307.206 Thread 0x00000188133866a0 20688       4       org.eclipse.core.internal.dtree.NodeComparison::isUnchanged (11 bytes)
Event: 307.207 Thread 0x00000188133866a0 nmethod 20688 0x00000187be718610 code [0x00000187be7187a0, 0x00000187be718838]
Event: 307.207 Thread 0x000001880b79f110 nmethod 20687 0x00000187be718910 code [0x00000187be718aa0, 0x00000187be718ba8]
Event: 307.207 Thread 0x000001880b7a1b00 nmethod 20686 0x00000187b871e990 code [0x00000187b871ed00, 0x00000187b8720d40]

GC Heap History (20 events):
Event: 284.997 GC heap before
{Heap before GC invocations=1116 (full 4):
 PSYoungGen      total 3584K, used 2880K [0x00000000d5580000, 0x00000000d5980000, 0x0000000100000000)
  eden space 2560K, 100% used [0x00000000d5580000,0x00000000d5800000,0x00000000d5800000)
  from space 1024K, 31% used [0x00000000d5800000,0x00000000d5850000,0x00000000d5900000)
  to   space 512K, 0% used [0x00000000d5900000,0x00000000d5900000,0x00000000d5980000)
 ParOldGen       total 569856K, used 569621K [0x0000000080000000, 0x00000000a2c80000, 0x00000000d5580000)
  object space 569856K, 99% used [0x0000000080000000,0x00000000a2c45750,0x00000000a2c80000)
 Metaspace       used 71999K, committed 73472K, reserved 1179648K
  class space    used 7163K, committed 7808K, reserved 1048576K
}
Event: 284.999 GC heap after
{Heap after GC invocations=1116 (full 4):
 PSYoungGen      total 3072K, used 320K [0x00000000d5580000, 0x00000000d5980000, 0x0000000100000000)
  eden space 2560K, 0% used [0x00000000d5580000,0x00000000d5580000,0x00000000d5800000)
  from space 512K, 62% used [0x00000000d5900000,0x00000000d5950020,0x00000000d5980000)
  to   space 512K, 0% used [0x00000000d5880000,0x00000000d5880000,0x00000000d5900000)
 ParOldGen       total 569856K, used 569805K [0x0000000080000000, 0x00000000a2c80000, 0x00000000d5580000)
  object space 569856K, 99% used [0x0000000080000000,0x00000000a2c73750,0x00000000a2c80000)
 Metaspace       used 71999K, committed 73472K, reserved 1179648K
  class space    used 7163K, committed 7808K, reserved 1048576K
}
Event: 285.001 GC heap before
{Heap before GC invocations=1117 (full 4):
 PSYoungGen      total 3072K, used 2880K [0x00000000d5580000, 0x00000000d5980000, 0x0000000100000000)
  eden space 2560K, 100% used [0x00000000d5580000,0x00000000d5800000,0x00000000d5800000)
  from space 512K, 62% used [0x00000000d5900000,0x00000000d5950020,0x00000000d5980000)
  to   space 512K, 0% used [0x00000000d5880000,0x00000000d5880000,0x00000000d5900000)
 ParOldGen       total 569856K, used 569805K [0x0000000080000000, 0x00000000a2c80000, 0x00000000d5580000)
  object space 569856K, 99% used [0x0000000080000000,0x00000000a2c73750,0x00000000a2c80000)
 Metaspace       used 71999K, committed 73472K, reserved 1179648K
  class space    used 7163K, committed 7808K, reserved 1048576K
}
Event: 285.003 GC heap after
{Heap after GC invocations=1117 (full 4):
 PSYoungGen      total 3584K, used 480K [0x00000000d5580000, 0x00000000d5980000, 0x0000000100000000)
  eden space 3072K, 0% used [0x00000000d5580000,0x00000000d5580000,0x00000000d5880000)
  from space 512K, 93% used [0x00000000d5880000,0x00000000d58f8020,0x00000000d5900000)
  to   space 512K, 0% used [0x00000000d5900000,0x00000000d5900000,0x00000000d5980000)
 ParOldGen       total 570368K, used 569917K [0x0000000080000000, 0x00000000a2d00000, 0x00000000d5580000)
  object space 570368K, 99% used [0x0000000080000000,0x00000000a2c8f750,0x00000000a2d00000)
 Metaspace       used 71999K, committed 73472K, reserved 1179648K
  class space    used 7163K, committed 7808K, reserved 1048576K
}
Event: 285.008 GC heap before
{Heap before GC invocations=1118 (full 4):
 PSYoungGen      total 3584K, used 3552K [0x00000000d5580000, 0x00000000d5980000, 0x0000000100000000)
  eden space 3072K, 99% used [0x00000000d5580000,0x00000000d587ffe8,0x00000000d5880000)
  from space 512K, 93% used [0x00000000d5880000,0x00000000d58f8020,0x00000000d5900000)
  to   space 512K, 0% used [0x00000000d5900000,0x00000000d5900000,0x00000000d5980000)
 ParOldGen       total 570368K, used 569917K [0x0000000080000000, 0x00000000a2d00000, 0x00000000d5580000)
  object space 570368K, 99% used [0x0000000080000000,0x00000000a2c8f750,0x00000000a2d00000)
 Metaspace       used 71999K, committed 73472K, reserved 1179648K
  class space    used 7163K, committed 7808K, reserved 1048576K
}
Event: 285.010 GC heap after
{Heap after GC invocations=1118 (full 4):
 PSYoungGen      total 3584K, used 480K [0x00000000d5580000, 0x00000000d5a80000, 0x0000000100000000)
  eden space 3072K, 0% used [0x00000000d5580000,0x00000000d5580000,0x00000000d5880000)
  from space 512K, 93% used [0x00000000d5900000,0x00000000d5978000,0x00000000d5980000)
  to   space 512K, 0% used [0x00000000d5880000,0x00000000d5880000,0x00000000d5900000)
 ParOldGen       total 570368K, used 570325K [0x0000000080000000, 0x00000000a2d00000, 0x00000000d5580000)
  object space 570368K, 99% used [0x0000000080000000,0x00000000a2cf5770,0x00000000a2d00000)
 Metaspace       used 71999K, committed 73472K, reserved 1179648K
  class space    used 7163K, committed 7808K, reserved 1048576K
}
Event: 285.016 GC heap before
{Heap before GC invocations=1119 (full 4):
 PSYoungGen      total 3584K, used 3552K [0x00000000d5580000, 0x00000000d5a80000, 0x0000000100000000)
  eden space 3072K, 100% used [0x00000000d5580000,0x00000000d5880000,0x00000000d5880000)
  from space 512K, 93% used [0x00000000d5900000,0x00000000d5978000,0x00000000d5980000)
  to   space 512K, 0% used [0x00000000d5880000,0x00000000d5880000,0x00000000d5900000)
 ParOldGen       total 570368K, used 570325K [0x0000000080000000, 0x00000000a2d00000, 0x00000000d5580000)
  object space 570368K, 99% used [0x0000000080000000,0x00000000a2cf5770,0x00000000a2d00000)
 Metaspace       used 71999K, committed 73472K, reserved 1179648K
  class space    used 7163K, committed 7808K, reserved 1048576K
}
Event: 285.018 GC heap after
{Heap after GC invocations=1119 (full 4):
 PSYoungGen      total 3584K, used 448K [0x00000000d5580000, 0x00000000d5a80000, 0x0000000100000000)
  eden space 3072K, 0% used [0x00000000d5580000,0x00000000d5580000,0x00000000d5880000)
  from space 512K, 87% used [0x00000000d5880000,0x00000000d58f0020,0x00000000d5900000)
  to   space 512K, 0% used [0x00000000d5a00000,0x00000000d5a00000,0x00000000d5a80000)
 ParOldGen       total 570880K, used 570605K [0x0000000080000000, 0x00000000a2d80000, 0x00000000d5580000)
  object space 570880K, 99% used [0x0000000080000000,0x00000000a2d3b770,0x00000000a2d80000)
 Metaspace       used 71999K, committed 73472K, reserved 1179648K
  class space    used 7163K, committed 7808K, reserved 1048576K
}
Event: 285.024 GC heap before
{Heap before GC invocations=1120 (full 4):
 PSYoungGen      total 3584K, used 3520K [0x00000000d5580000, 0x00000000d5a80000, 0x0000000100000000)
  eden space 3072K, 100% used [0x00000000d5580000,0x00000000d5880000,0x00000000d5880000)
  from space 512K, 87% used [0x00000000d5880000,0x00000000d58f0020,0x00000000d5900000)
  to   space 512K, 0% used [0x00000000d5a00000,0x00000000d5a00000,0x00000000d5a80000)
 ParOldGen       total 570880K, used 570605K [0x0000000080000000, 0x00000000a2d80000, 0x00000000d5580000)
  object space 570880K, 99% used [0x0000000080000000,0x00000000a2d3b770,0x00000000a2d80000)
 Metaspace       used 71999K, committed 73472K, reserved 1179648K
  class space    used 7163K, committed 7808K, reserved 1048576K
}
Event: 285.026 GC heap after
{Heap after GC invocations=1120 (full 4):
 PSYoungGen      total 4608K, used 288K [0x00000000d5580000, 0x00000000d5a80000, 0x0000000100000000)
  eden space 4096K, 0% used [0x00000000d5580000,0x00000000d5580000,0x00000000d5980000)
  from space 512K, 56% used [0x00000000d5a00000,0x00000000d5a48000,0x00000000d5a80000)
  to   space 512K, 0% used [0x00000000d5980000,0x00000000d5980000,0x00000000d5a00000)
 ParOldGen       total 571392K, used 570973K [0x0000000080000000, 0x00000000a2e00000, 0x00000000d5580000)
  object space 571392K, 99% used [0x0000000080000000,0x00000000a2d97790,0x00000000a2e00000)
 Metaspace       used 71999K, committed 73472K, reserved 1179648K
  class space    used 7163K, committed 7808K, reserved 1048576K
}
Event: 285.070 GC heap before
{Heap before GC invocations=1121 (full 4):
 PSYoungGen      total 4608K, used 4384K [0x00000000d5580000, 0x00000000d5a80000, 0x0000000100000000)
  eden space 4096K, 100% used [0x00000000d5580000,0x00000000d5980000,0x00000000d5980000)
  from space 512K, 56% used [0x00000000d5a00000,0x00000000d5a48000,0x00000000d5a80000)
  to   space 512K, 0% used [0x00000000d5980000,0x00000000d5980000,0x00000000d5a00000)
 ParOldGen       total 571392K, used 570973K [0x0000000080000000, 0x00000000a2e00000, 0x00000000d5580000)
  object space 571392K, 99% used [0x0000000080000000,0x00000000a2d97790,0x00000000a2e00000)
 Metaspace       used 71999K, committed 73472K, reserved 1179648K
  class space    used 7163K, committed 7808K, reserved 1048576K
}
Event: 285.071 GC heap after
{Heap after GC invocations=1121 (full 4):
 PSYoungGen      total 4608K, used 480K [0x00000000d5580000, 0x00000000d5b80000, 0x0000000100000000)
  eden space 4096K, 0% used [0x00000000d5580000,0x00000000d5580000,0x00000000d5980000)
  from space 512K, 93% used [0x00000000d5980000,0x00000000d59f8010,0x00000000d5a00000)
  to   space 1024K, 0% used [0x00000000d5a80000,0x00000000d5a80000,0x00000000d5b80000)
 ParOldGen       total 571392K, used 571277K [0x0000000080000000, 0x00000000a2e00000, 0x00000000d5580000)
  object space 571392K, 99% used [0x0000000080000000,0x00000000a2de37a0,0x00000000a2e00000)
 Metaspace       used 71999K, committed 73472K, reserved 1179648K
  class space    used 7163K, committed 7808K, reserved 1048576K
}
Event: 285.086 GC heap before
{Heap before GC invocations=1122 (full 4):
 PSYoungGen      total 4608K, used 4576K [0x00000000d5580000, 0x00000000d5b80000, 0x0000000100000000)
  eden space 4096K, 100% used [0x00000000d5580000,0x00000000d5980000,0x00000000d5980000)
  from space 512K, 93% used [0x00000000d5980000,0x00000000d59f8010,0x00000000d5a00000)
  to   space 1024K, 0% used [0x00000000d5a80000,0x00000000d5a80000,0x00000000d5b80000)
 ParOldGen       total 571392K, used 571277K [0x0000000080000000, 0x00000000a2e00000, 0x00000000d5580000)
  object space 571392K, 99% used [0x0000000080000000,0x00000000a2de37a0,0x00000000a2e00000)
 Metaspace       used 71999K, committed 73472K, reserved 1179648K
  class space    used 7163K, committed 7808K, reserved 1048576K
}
Event: 285.087 GC heap after
{Heap after GC invocations=1122 (full 4):
 PSYoungGen      total 5120K, used 432K [0x00000000d5580000, 0x00000000d5b80000, 0x0000000100000000)
  eden space 4096K, 0% used [0x00000000d5580000,0x00000000d5580000,0x00000000d5980000)
  from space 1024K, 42% used [0x00000000d5a80000,0x00000000d5aec010,0x00000000d5b80000)
  to   space 1024K, 0% used [0x00000000d5980000,0x00000000d5980000,0x00000000d5a80000)
 ParOldGen       total 571904K, used 571757K [0x0000000080000000, 0x00000000a2e80000, 0x00000000d5580000)
  object space 571904K, 99% used [0x0000000080000000,0x00000000a2e5b650,0x00000000a2e80000)
 Metaspace       used 71999K, committed 73472K, reserved 1179648K
  class space    used 7163K, committed 7808K, reserved 1048576K
}
Event: 285.163 GC heap before
{Heap before GC invocations=1123 (full 4):
 PSYoungGen      total 5120K, used 4528K [0x00000000d5580000, 0x00000000d5b80000, 0x0000000100000000)
  eden space 4096K, 100% used [0x00000000d5580000,0x00000000d5980000,0x00000000d5980000)
  from space 1024K, 42% used [0x00000000d5a80000,0x00000000d5aec010,0x00000000d5b80000)
  to   space 1024K, 0% used [0x00000000d5980000,0x00000000d5980000,0x00000000d5a80000)
 ParOldGen       total 571904K, used 571757K [0x0000000080000000, 0x00000000a2e80000, 0x00000000d5580000)
  object space 571904K, 99% used [0x0000000080000000,0x00000000a2e5b650,0x00000000a2e80000)
 Metaspace       used 71999K, committed 73472K, reserved 1179648K
  class space    used 7163K, committed 7808K, reserved 1048576K
}
Event: 285.165 GC heap after
{Heap after GC invocations=1123 (full 4):
 PSYoungGen      total 5120K, used 832K [0x00000000d5580000, 0x00000000d5b80000, 0x0000000100000000)
  eden space 4096K, 0% used [0x00000000d5580000,0x00000000d5580000,0x00000000d5980000)
  from space 1024K, 81% used [0x00000000d5980000,0x00000000d5a50000,0x00000000d5a80000)
  to   space 1024K, 0% used [0x00000000d5a80000,0x00000000d5a80000,0x00000000d5b80000)
 ParOldGen       total 572416K, used 572082K [0x0000000080000000, 0x00000000a2f00000, 0x00000000d5580000)
  object space 572416K, 99% used [0x0000000080000000,0x00000000a2eacb30,0x00000000a2f00000)
 Metaspace       used 71999K, committed 73472K, reserved 1179648K
  class space    used 7163K, committed 7808K, reserved 1048576K
}
Event: 285.186 GC heap before
{Heap before GC invocations=1124 (full 4):
 PSYoungGen      total 5120K, used 4928K [0x00000000d5580000, 0x00000000d5b80000, 0x0000000100000000)
  eden space 4096K, 100% used [0x00000000d5580000,0x00000000d5980000,0x00000000d5980000)
  from space 1024K, 81% used [0x00000000d5980000,0x00000000d5a50000,0x00000000d5a80000)
  to   space 1024K, 0% used [0x00000000d5a80000,0x00000000d5a80000,0x00000000d5b80000)
 ParOldGen       total 572416K, used 572082K [0x0000000080000000, 0x00000000a2f00000, 0x00000000d5580000)
  object space 572416K, 99% used [0x0000000080000000,0x00000000a2eacb30,0x00000000a2f00000)
 Metaspace       used 71999K, committed 73472K, reserved 1179648K
  class space    used 7163K, committed 7808K, reserved 1048576K
}
Event: 285.188 GC heap after
{Heap after GC invocations=1124 (full 4):
 PSYoungGen      total 5120K, used 672K [0x00000000d5580000, 0x00000000d5b80000, 0x0000000100000000)
  eden space 4096K, 0% used [0x00000000d5580000,0x00000000d5580000,0x00000000d5980000)
  from space 1024K, 65% used [0x00000000d5a80000,0x00000000d5b28000,0x00000000d5b80000)
  to   space 1024K, 0% used [0x00000000d5980000,0x00000000d5980000,0x00000000d5a80000)
 ParOldGen       total 572928K, used 572802K [0x0000000080000000, 0x00000000a2f80000, 0x00000000d5580000)
  object space 572928K, 99% used [0x0000000080000000,0x00000000a2f60b40,0x00000000a2f80000)
 Metaspace       used 71999K, committed 73472K, reserved 1179648K
  class space    used 7163K, committed 7808K, reserved 1048576K
}
Event: 307.181 GC heap before
{Heap before GC invocations=1125 (full 4):
 PSYoungGen      total 5120K, used 4768K [0x00000000d5580000, 0x00000000d5b80000, 0x0000000100000000)
  eden space 4096K, 100% used [0x00000000d5580000,0x00000000d5980000,0x00000000d5980000)
  from space 1024K, 65% used [0x00000000d5a80000,0x00000000d5b28000,0x00000000d5b80000)
  to   space 1024K, 0% used [0x00000000d5980000,0x00000000d5980000,0x00000000d5a80000)
 ParOldGen       total 572928K, used 572802K [0x0000000080000000, 0x00000000a2f80000, 0x00000000d5580000)
  object space 572928K, 99% used [0x0000000080000000,0x00000000a2f60b40,0x00000000a2f80000)
 Metaspace       used 72220K, committed 73856K, reserved 1179648K
  class space    used 7190K, committed 7936K, reserved 1048576K
}
Event: 307.183 GC heap after
{Heap after GC invocations=1125 (full 4):
 PSYoungGen      total 5120K, used 416K [0x00000000d5580000, 0x00000000d5b80000, 0x0000000100000000)
  eden space 4096K, 0% used [0x00000000d5580000,0x00000000d5580000,0x00000000d5980000)
  from space 1024K, 40% used [0x00000000d5980000,0x00000000d59e8000,0x00000000d5a80000)
  to   space 1024K, 0% used [0x00000000d5a80000,0x00000000d5a80000,0x00000000d5b80000)
 ParOldGen       total 573440K, used 573340K [0x0000000080000000, 0x00000000a3000000, 0x00000000d5580000)
  object space 573440K, 99% used [0x0000000080000000,0x00000000a2fe70c0,0x00000000a3000000)
 Metaspace       used 72220K, committed 73856K, reserved 1179648K
  class space    used 7190K, committed 7936K, reserved 1048576K
}

Dll operation events (10 events):
Event: 0.008 Loaded shared library c:\Users\HP\.vscode\extensions\redhat.java-1.53.0-win32-x64\jre\21.0.10-win32-x86_64\bin\java.dll
Event: 0.066 Loaded shared library c:\Users\HP\.vscode\extensions\redhat.java-1.53.0-win32-x64\jre\21.0.10-win32-x86_64\bin\zip.dll
Event: 0.086 Loaded shared library C:\Users\HP\.vscode\extensions\redhat.java-1.53.0-win32-x64\jre\21.0.10-win32-x86_64\bin\instrument.dll
Event: 0.091 Loaded shared library C:\Users\HP\.vscode\extensions\redhat.java-1.53.0-win32-x64\jre\21.0.10-win32-x86_64\bin\net.dll
Event: 0.094 Loaded shared library C:\Users\HP\.vscode\extensions\redhat.java-1.53.0-win32-x64\jre\21.0.10-win32-x86_64\bin\nio.dll
Event: 0.097 Loaded shared library C:\Users\HP\.vscode\extensions\redhat.java-1.53.0-win32-x64\jre\21.0.10-win32-x86_64\bin\zip.dll
Event: 0.115 Loaded shared library C:\Users\HP\.vscode\extensions\redhat.java-1.53.0-win32-x64\jre\21.0.10-win32-x86_64\bin\jimage.dll
Event: 0.189 Loaded shared library c:\Users\HP\.vscode\extensions\redhat.java-1.53.0-win32-x64\jre\21.0.10-win32-x86_64\bin\verify.dll
Event: 1.347 Loaded shared library C:\Users\HP\AppData\Roaming\Code\User\globalStorage\redhat.java\1.53.0\config_win\org.eclipse.equinox.launcher\org.eclipse.equinox.launcher.win32.win32.x86_64_1.3.0.v20260203-2149\eclipse_11919.dll
Event: 3.025 Loaded shared library C:\Users\HP\AppData\Local\Temp\jna-2312\jna4231454823550814970.dll

Deoptimization events (20 events):
Event: 307.033 Thread 0x0000018811aa1550 Uncommon trap: trap_request=0xffffff45 fr.pc=0x00000187be6a0aec relative=0x000000000000040c
Event: 307.033 Thread 0x0000018811aa1550 Uncommon trap: reason=unstable_if action=reinterpret pc=0x00000187be6a0aec method=org.eclipse.core.internal.events.ResourceComparator.compare(Ljava/lang/Object;Ljava/lang/Object;)I @ 353 c2
Event: 307.033 Thread 0x0000018811aa1550 DEOPT PACKING pc=0x00000187be6a0aec sp=0x0000003d299febc0
Event: 307.033 Thread 0x0000018811aa1550 DEOPT UNPACKING pc=0x00000187bd073aa2 sp=0x0000003d299feb68 mode 2
Event: 307.036 Thread 0x0000018811aa1550 Uncommon trap: trap_request=0xffffffc6 fr.pc=0x00000187be26753c relative=0x0000000000000b7c
Event: 307.036 Thread 0x0000018811aa1550 Uncommon trap: reason=bimorphic_or_optimized_type_check action=maybe_recompile pc=0x00000187be26753c method=java.io.DataOutputStream.writeInt(I)V @ 19 c2
Event: 307.036 Thread 0x0000018811aa1550 DEOPT PACKING pc=0x00000187be26753c sp=0x0000003d299fecc0
Event: 307.036 Thread 0x0000018811aa1550 DEOPT UNPACKING pc=0x00000187bd073aa2 sp=0x0000003d299fecb8 mode 2
Event: 307.036 Thread 0x0000018811aa1550 Uncommon trap: trap_request=0xffffffc6 fr.pc=0x00000187be26753c relative=0x0000000000000b7c
Event: 307.036 Thread 0x0000018811aa1550 Uncommon trap: reason=bimorphic_or_optimized_type_check action=maybe_recompile pc=0x00000187be26753c method=java.io.DataOutputStream.writeInt(I)V @ 19 c2
Event: 307.037 Thread 0x0000018811aa1550 DEOPT PACKING pc=0x00000187be26753c sp=0x0000003d299fec50
Event: 307.037 Thread 0x0000018811aa1550 DEOPT UNPACKING pc=0x00000187bd073aa2 sp=0x0000003d299fec48 mode 2
Event: 307.038 Thread 0x0000018811aa1550 DEOPT PACKING pc=0x00000187b629072e sp=0x0000003d299fe730
Event: 307.038 Thread 0x0000018811aa1550 DEOPT UNPACKING pc=0x00000187bd074242 sp=0x0000003d299fdc88 mode 0
Event: 307.049 Thread 0x0000018811aa1550 DEOPT PACKING pc=0x00000187b629072e sp=0x0000003d299fe900
Event: 307.049 Thread 0x0000018811aa1550 DEOPT UNPACKING pc=0x00000187bd074242 sp=0x0000003d299fde58 mode 0
Event: 307.057 Thread 0x0000018811aa1550 Uncommon trap: trap_request=0xffffff45 fr.pc=0x00000187be620d5c relative=0x000000000000083c
Event: 307.057 Thread 0x0000018811aa1550 Uncommon trap: reason=unstable_if action=reinterpret pc=0x00000187be620d5c method=org.eclipse.core.internal.localstore.FileSystemResourceManager.getStoreRoot(Lorg/eclipse/core/resources/IResource;)Lorg/eclipse/core/internal/localstore/FileStoreRoot; @ 33 
Event: 307.057 Thread 0x0000018811aa1550 DEOPT PACKING pc=0x00000187be620d5c sp=0x0000003d299fef50
Event: 307.057 Thread 0x0000018811aa1550 DEOPT UNPACKING pc=0x00000187bd073aa2 sp=0x0000003d299fef10 mode 2

Classes loaded (20 events):
Event: 174.255 Loading class com/sun/org/apache/xerces/internal/xni/parser/XMLParseException
Event: 174.257 Loading class com/sun/org/apache/xerces/internal/xni/parser/XMLParseException done
Event: 175.069 Loading class jdk/internal/module/IllegalAccessLogger
Event: 175.069 Loading class jdk/internal/module/IllegalAccessLogger done
Event: 175.333 Loading class java/nio/BufferMismatch
Event: 175.334 Loading class java/nio/BufferMismatch done
Event: 237.818 Loading class jdk/internal/module/IllegalAccessLogger
Event: 237.818 Loading class jdk/internal/module/IllegalAccessLogger done
Event: 284.052 Loading class jdk/internal/module/IllegalAccessLogger
Event: 284.052 Loading class jdk/internal/module/IllegalAccessLogger done
Event: 306.959 Loading class java/util/stream/Nodes$CollectorTask$OfRef
Event: 306.960 Loading class java/util/stream/Nodes$CollectorTask
Event: 306.961 Loading class java/util/stream/Nodes$CollectorTask done
Event: 306.961 Loading class java/util/stream/Nodes$CollectorTask$OfRef done
Event: 306.969 Loading class java/util/function/LongFunction
Event: 306.969 Loading class java/util/function/LongFunction done
Event: 306.970 Loading class java/util/stream/Nodes$ConcNode
Event: 306.971 Loading class java/util/stream/Nodes$AbstractConcNode
Event: 306.971 Loading class java/util/stream/Nodes$AbstractConcNode done
Event: 306.971 Loading class java/util/stream/Nodes$ConcNode done

Classes unloaded (11 events):
Event: 3.816 Thread 0x00000187b299ac60 Unloading class 0x00000187cb1aac00 'java/lang/invoke/LambdaForm$MH+0x00000187cb1aac00'
Event: 3.816 Thread 0x00000187b299ac60 Unloading class 0x00000187cb1aa800 'java/lang/invoke/LambdaForm$MH+0x00000187cb1aa800'
Event: 3.816 Thread 0x00000187b299ac60 Unloading class 0x00000187cb1aa400 'java/lang/invoke/LambdaForm$MH+0x00000187cb1aa400'
Event: 3.816 Thread 0x00000187b299ac60 Unloading class 0x00000187cb1aa000 'java/lang/invoke/LambdaForm$MH+0x00000187cb1aa000'
Event: 3.816 Thread 0x00000187b299ac60 Unloading class 0x00000187cb1a9c00 'java/lang/invoke/LambdaForm$BMH+0x00000187cb1a9c00'
Event: 3.816 Thread 0x00000187b299ac60 Unloading class 0x00000187cb1a9800 'java/lang/invoke/LambdaForm$DMH+0x00000187cb1a9800'
Event: 3.816 Thread 0x00000187b299ac60 Unloading class 0x00000187cb1a8400 'java/lang/invoke/LambdaForm$DMH+0x00000187cb1a8400'
Event: 28.696 Thread 0x00000187b299ac60 Unloading class 0x00000187cb6e5400 'java/lang/invoke/LambdaForm$DMH+0x00000187cb6e5400'
Event: 28.696 Thread 0x00000187b299ac60 Unloading class 0x00000187cb6e5000 'java/lang/invoke/LambdaForm$DMH+0x00000187cb6e5000'
Event: 28.696 Thread 0x00000187b299ac60 Unloading class 0x00000187cb6e4c00 'java/lang/invoke/LambdaForm$DMH+0x00000187cb6e4c00'
Event: 28.696 Thread 0x00000187b299ac60 Unloading class 0x00000187cb6e4800 'java/lang/invoke/LambdaForm$DMH+0x00000187cb6e4800'

Classes redefined (0 events):
No events

Internal exceptions (20 events):
Event: 35.649 Thread 0x000001881ff89510 Exception <a 'sun/nio/fs/WindowsException'{0x00000000d561d3b8}> (0x00000000d561d3b8) 
thrown [s\src\hotspot\share\prims\jni.cpp, line 520]
Event: 35.649 Thread 0x000001881ff89510 Exception <a 'sun/nio/fs/WindowsException'{0x00000000d5623298}> (0x00000000d5623298) 
thrown [s\src\hotspot\share\prims\jni.cpp, line 520]
Event: 35.650 Thread 0x000001881ff89510 Exception <a 'sun/nio/fs/WindowsException'{0x00000000d5624030}> (0x00000000d5624030) 
thrown [s\src\hotspot\share\prims\jni.cpp, line 520]
Event: 35.650 Thread 0x000001881ff89510 Exception <a 'sun/nio/fs/WindowsException'{0x00000000d56316e8}> (0x00000000d56316e8) 
thrown [s\src\hotspot\share\prims\jni.cpp, line 520]
Event: 35.650 Thread 0x000001881ff89510 Exception <a 'sun/nio/fs/WindowsException'{0x00000000d5632238}> (0x00000000d5632238) 
thrown [s\src\hotspot\share\prims\jni.cpp, line 520]
Event: 35.657 Thread 0x000001881ff89510 Exception <a 'sun/nio/fs/WindowsException'{0x00000000d5665c30}> (0x00000000d5665c30) 
thrown [s\src\hotspot\share\prims\jni.cpp, line 520]
Event: 35.657 Thread 0x000001881ff89510 Exception <a 'sun/nio/fs/WindowsException'{0x00000000d5666780}> (0x00000000d5666780) 
thrown [s\src\hotspot\share\prims\jni.cpp, line 520]
Event: 174.135 Thread 0x0000018811aa1be0 Exception <a 'sun/nio/fs/WindowsException'{0x00000000d57c7048}> (0x00000000d57c7048) 
thrown [s\src\hotspot\share\prims\jni.cpp, line 520]
Event: 174.306 Thread 0x000001881303e950 Exception <a 'java/io/FileNotFoundException'{0x00000000d56fb160}> (0x00000000d56fb160) 
thrown [s\src\hotspot\share\prims\jni.cpp, line 520]
Event: 174.306 Thread 0x000001881303e950 Exception <a 'java/io/FileNotFoundException'{0x00000000d56fc168}> (0x00000000d56fc168) 
thrown [s\src\hotspot\share\prims\jni.cpp, line 520]
Event: 174.327 Thread 0x000001881303e950 Implicit null exception at 0x00000187be04ca62 to 0x00000187be04f19c
Event: 175.551 Thread 0x0000018811aa1be0 Exception <a 'sun/nio/fs/WindowsException'{0x00000000d55d8990}> (0x00000000d55d8990) 
thrown [s\src\hotspot\share\prims\jni.cpp, line 520]
Event: 237.548 Thread 0x0000018811aa1be0 Exception <a 'sun/nio/fs/WindowsException'{0x00000000d55ad298}> (0x00000000d55ad298) 
thrown [s\src\hotspot\share\prims\jni.cpp, line 520]
Event: 238.994 Thread 0x0000018811aa1be0 Exception <a 'sun/nio/fs/WindowsException'{0x00000000d559bd98}> (0x00000000d559bd98) 
thrown [s\src\hotspot\share\prims\jni.cpp, line 520]
Event: 283.748 Thread 0x0000018811aa1be0 Exception <a 'sun/nio/fs/WindowsException'{0x00000000d583fc88}> (0x00000000d583fc88) 
thrown [s\src\hotspot\share\prims\jni.cpp, line 520]
Event: 284.772 Thread 0x0000018811aa1be0 Exception <a 'sun/nio/fs/WindowsException'{0x00000000d5597958}> (0x00000000d5597958) 
thrown [s\src\hotspot\share\prims\jni.cpp, line 520]
Event: 306.992 Thread 0x0000018811aa1550 Exception <a 'sun/nio/fs/WindowsException'{0x00000000d57a6650}> (0x00000000d57a6650) 
thrown [s\src\hotspot\share\prims\jni.cpp, line 520]
Event: 306.992 Thread 0x0000018811aa1550 Exception <a 'sun/nio/fs/WindowsException'{0x00000000d57a7430}> (0x00000000d57a7430) 
thrown [s\src\hotspot\share\prims\jni.cpp, line 520]
Event: 306.993 Thread 0x0000018811aa1550 Implicit null exception at 0x00000187bdf89b06 to 0x00000187bdf89da4
Event: 307.023 Thread 0x0000018811aa1550 Exception <a 'java/lang/NoSuchMethodError'{0x00000000d58391e0}: static [J.<clinit>()V> (0x00000000d58391e0) 
thrown [s\src\hotspot\share\prims\jni.cpp, line 1111]

ZGC Phase Switch (0 events):
No events

VM Operations (20 events):
Event: 285.186 Executing safepoint VM operation: ParallelGCFailedAllocation (Allocation Failure)
Event: 285.188 Executing safepoint VM operation: ParallelGCFailedAllocation (Allocation Failure) done
Event: 286.203 Executing safepoint VM operation: Cleanup
Event: 286.203 Executing safepoint VM operation: Cleanup done
Event: 300.896 Executing non-safepoint VM operation: HandshakeAllThreads (HandshakeForDeflation)
Event: 300.896 Executing non-safepoint VM operation: HandshakeAllThreads (HandshakeForDeflation) done
Event: 300.897 Executing non-safepoint VM operation: RendezvousGCThreads
Event: 300.897 Executing non-safepoint VM operation: RendezvousGCThreads done
Event: 303.925 Executing safepoint VM operation: Cleanup
Event: 303.925 Executing safepoint VM operation: Cleanup done
Event: 306.951 Executing safepoint VM operation: Cleanup
Event: 306.951 Executing safepoint VM operation: Cleanup done
Event: 306.968 Executing non-safepoint VM operation: HandshakeAllThreads (Deoptimize)
Event: 306.968 Executing non-safepoint VM operation: HandshakeAllThreads (Deoptimize) done
Event: 307.029 Executing non-safepoint VM operation: HandshakeAllThreads (Deoptimize)
Event: 307.030 Executing non-safepoint VM operation: HandshakeAllThreads (Deoptimize) done
Event: 307.056 Executing non-safepoint VM operation: HandshakeAllThreads (Deoptimize)
Event: 307.056 Executing non-safepoint VM operation: HandshakeAllThreads (Deoptimize) done
Event: 307.181 Executing safepoint VM operation: ParallelGCFailedAllocation (Allocation Failure)
Event: 307.183 Executing safepoint VM operation: ParallelGCFailedAllocation (Allocation Failure) done

Memory protections (0 events):
No events

Nmethod flushes (20 events):
Event: 28.753 Thread 0x00000187b299ac60 flushing  nmethod 0x00000187b6ef7690
Event: 28.753 Thread 0x00000187b299ac60 flushing  nmethod 0x00000187b6efec90
Event: 28.753 Thread 0x00000187b299ac60 flushing  nmethod 0x00000187b6f10b10
Event: 28.753 Thread 0x00000187b299ac60 flushing  nmethod 0x00000187b6f24210
Event: 28.753 Thread 0x00000187b299ac60 flushing  nmethod 0x00000187b6f26490
Event: 28.753 Thread 0x00000187b299ac60 flushing  nmethod 0x00000187b6f3ba10
Event: 28.753 Thread 0x00000187b299ac60 flushing  nmethod 0x00000187b6f3bd90
Event: 28.753 Thread 0x00000187b299ac60 flushing  nmethod 0x00000187b6f42e10
Event: 28.753 Thread 0x00000187b299ac60 flushing  nmethod 0x00000187b6f44190
Event: 28.753 Thread 0x00000187b299ac60 flushing  nmethod 0x00000187b6f6ca10
Event: 28.753 Thread 0x00000187b299ac60 flushing  nmethod 0x00000187b6f6da90
Event: 28.753 Thread 0x00000187b299ac60 flushing  nmethod 0x00000187b6f83810
Event: 28.753 Thread 0x00000187b299ac60 flushing  nmethod 0x00000187b6fa3a10
Event: 28.753 Thread 0x00000187b299ac60 flushing  nmethod 0x00000187b6fa7190
Event: 28.753 Thread 0x00000187b299ac60 flushing  nmethod 0x00000187b6fab190
Event: 28.753 Thread 0x00000187b299ac60 flushing  nmethod 0x00000187b6fc8410
Event: 28.753 Thread 0x00000187b299ac60 flushing  nmethod 0x00000187b6fd0a90
Event: 28.753 Thread 0x00000187b299ac60 flushing  nmethod 0x00000187b6ff4f90
Event: 28.753 Thread 0x00000187b299ac60 flushing  nmethod 0x00000187b6ff7f10
Event: 28.753 Thread 0x00000187b299ac60 flushing  nmethod 0x00000187b6ffce10

Events (20 events):
Event: 237.552 Thread 0x000001880b7a1b00 Thread added: 0x0000018813387440
Event: 237.818 Thread 0x0000018811aa1550 Thread added: 0x000001881ff8a230
Event: 238.992 Thread 0x0000018811aa1550 Thread added: 0x000001881ff8e3d0
Event: 244.562 Thread 0x0000018813387440 Thread exited: 0x0000018813387440
Event: 249.559 Thread 0x00000188133866a0 Thread exited: 0x00000188133866a0
Event: 272.122 Thread 0x0000018814764b80 Thread exited: 0x0000018814764b80
Event: 276.168 Thread 0x000001881ff887f0 Thread exited: 0x000001881ff887f0
Event: 283.969 Thread 0x000001880b7a1b00 Thread added: 0x00000188133866a0
Event: 284.121 Thread 0x000001880b79f110 Thread added: 0x0000018813387440
Event: 290.276 Thread 0x0000018813387440 Thread exited: 0x0000018813387440
Event: 295.230 Thread 0x00000188133866a0 Thread exited: 0x00000188133866a0
Event: 303.167 Thread 0x0000018811aa1550 Thread added: 0x000001881ff887f0
Event: 306.952 Thread 0x0000018811aa1550 Thread added: 0x000001881ff8ea60
Event: 306.972 Thread 0x000001881ff8ea60 Thread exited: 0x000001881ff8ea60
Event: 306.996 Thread 0x0000018811aa1550 Thread added: 0x000001881ff8d020
Event: 306.998 Thread 0x000001881ff8d020 Thread exited: 0x000001881ff8d020
Event: 307.005 Thread 0x000001880b7a1b00 Thread added: 0x00000188133866a0
Event: 307.009 Thread 0x000001880b7a1b00 Thread added: 0x0000018813387440
Event: 312.212 Thread 0x0000018813387440 Thread exited: 0x0000018813387440
Event: 312.212 Thread 0x00000188133866a0 Thread exited: 0x00000188133866a0


Dynamic libraries:
0x00007ff664b10000 - 0x00007ff664b1e000 	c:\Users\HP\.vscode\extensions\redhat.java-1.53.0-win32-x64\jre\21.0.10-win32-x86_64\bin\java.exe
0x00007ff94e3e0000 - 0x00007ff94e647000 	C:\WINDOWS\SYSTEM32\ntdll.dll
0x00007ff94c170000 - 0x00007ff94c239000 	C:\WINDOWS\System32\KERNEL32.DLL
0x00007ff94bb30000 - 0x00007ff94bf24000 	C:\WINDOWS\System32\KERNELBASE.dll
0x00007ff947fc0000 - 0x00007ff94805f000 	C:\WINDOWS\SYSTEM32\apphelp.dll
0x00007ff94acb0000 - 0x00007ff94adfb000 	C:\WINDOWS\System32\ucrtbase.dll
0x00007ff905210000 - 0x00007ff905228000 	c:\Users\HP\.vscode\extensions\redhat.java-1.53.0-win32-x64\jre\21.0.10-win32-x86_64\bin\jli.dll
0x00007ff905230000 - 0x00007ff90524e000 	c:\Users\HP\.vscode\extensions\redhat.java-1.53.0-win32-x64\jre\21.0.10-win32-x86_64\bin\VCRUNTIME140.dll
0x00007ff94d020000 - 0x00007ff94d1e5000 	C:\WINDOWS\System32\USER32.dll
0x00007ff92ba80000 - 0x00007ff92bd13000 	C:\WINDOWS\WinSxS\amd64_microsoft.windows.common-controls_6595b64144ccf1df_6.0.26100.8115_none_3e075c82e3354f9c\COMCTL32.dll
0x00007ff94c140000 - 0x00007ff94c167000 	C:\WINDOWS\System32\win32u.dll
0x00007ff94ce20000 - 0x00007ff94ce4b000 	C:\WINDOWS\System32\GDI32.dll
0x00007ff94ce50000 - 0x00007ff94cef9000 	C:\WINDOWS\System32\msvcrt.dll
0x00007ff94b020000 - 0x00007ff94b14a000 	C:\WINDOWS\System32\gdi32full.dll
0x00007ff94aeb0000 - 0x00007ff94af53000 	C:\WINDOWS\System32\msvcp_win.dll
0x00007ff94c390000 - 0x00007ff94c3c2000 	C:\WINDOWS\System32\IMM32.DLL
0x00007ff916040000 - 0x00007ff91604c000 	c:\Users\HP\.vscode\extensions\redhat.java-1.53.0-win32-x64\jre\21.0.10-win32-x86_64\bin\vcruntime140_1.dll
0x00007ff905180000 - 0x00007ff90520d000 	c:\Users\HP\.vscode\extensions\redhat.java-1.53.0-win32-x64\jre\21.0.10-win32-x86_64\bin\msvcp140.dll
0x00007ff858820000 - 0x00007ff8595c1000 	c:\Users\HP\.vscode\extensions\redhat.java-1.53.0-win32-x64\jre\21.0.10-win32-x86_64\bin\server\jvm.dll
0x00007ff94e190000 - 0x00007ff94e246000 	C:\WINDOWS\System32\ADVAPI32.dll
0x00007ff94c240000 - 0x00007ff94c2e7000 	C:\WINDOWS\System32\sechost.dll
0x00007ff94cf00000 - 0x00007ff94d018000 	C:\WINDOWS\System32\RPCRT4.dll
0x00007ff94c2f0000 - 0x00007ff94c370000 	C:\WINDOWS\System32\WS2_32.dll
0x00007ff94ab10000 - 0x00007ff94ab6e000 	C:\WINDOWS\SYSTEM32\POWRPROF.dll
0x00007ff93d1b0000 - 0x00007ff93d1e6000 	C:\WINDOWS\SYSTEM32\WINMM.dll
0x00007ff940610000 - 0x00007ff94061b000 	C:\WINDOWS\SYSTEM32\VERSION.dll
0x00007ff94aaf0000 - 0x00007ff94ab04000 	C:\WINDOWS\SYSTEM32\UMPDC.dll
0x00007ff9499a0000 - 0x00007ff9499bb000 	C:\WINDOWS\SYSTEM32\kernel.appcore.dll
0x00007ff912430000 - 0x00007ff91243a000 	c:\Users\HP\.vscode\extensions\redhat.java-1.53.0-win32-x64\jre\21.0.10-win32-x86_64\bin\jimage.dll
0x00007ff9489e0000 - 0x00007ff948c22000 	C:\WINDOWS\SYSTEM32\DBGHELP.DLL
0x00007ff94d8e0000 - 0x00007ff94dc62000 	C:\WINDOWS\System32\combase.dll
0x00007ff94d7f0000 - 0x00007ff94d8c7000 	C:\WINDOWS\System32\OLEAUT32.dll
0x00007ff92b750000 - 0x00007ff92b78b000 	C:\WINDOWS\SYSTEM32\dbgcore.DLL
0x00007ff94ae00000 - 0x00007ff94aea5000 	C:\WINDOWS\System32\bcryptPrimitives.dll
0x00007ff92b960000 - 0x00007ff92b96f000 	c:\Users\HP\.vscode\extensions\redhat.java-1.53.0-win32-x64\jre\21.0.10-win32-x86_64\bin\instrument.dll
0x00007ff905160000 - 0x00007ff905180000 	c:\Users\HP\.vscode\extensions\redhat.java-1.53.0-win32-x64\jre\21.0.10-win32-x86_64\bin\java.dll
0x00007ff94c3d0000 - 0x00007ff94cb36000 	C:\WINDOWS\System32\SHELL32.dll
0x00007ff94b150000 - 0x00007ff94b2ba000 	C:\WINDOWS\System32\wintypes.dll
0x00007ff94b2c0000 - 0x00007ff94bb25000 	C:\WINDOWS\System32\windows.storage.dll
0x00007ff94d1f0000 - 0x00007ff94d2e7000 	C:\WINDOWS\System32\SHCORE.dll
0x00007ff94d780000 - 0x00007ff94d7e6000 	C:\WINDOWS\System32\shlwapi.dll
0x00007ff94abd0000 - 0x00007ff94abf9000 	C:\WINDOWS\SYSTEM32\profapi.dll
0x00007ff905140000 - 0x00007ff905158000 	c:\Users\HP\.vscode\extensions\redhat.java-1.53.0-win32-x64\jre\21.0.10-win32-x86_64\bin\zip.dll
0x00007ff905850000 - 0x00007ff905860000 	C:\Users\HP\.vscode\extensions\redhat.java-1.53.0-win32-x64\jre\21.0.10-win32-x86_64\bin\net.dll
0x00007ff941210000 - 0x00007ff94133d000 	C:\WINDOWS\SYSTEM32\WINHTTP.dll
0x00007ff949fb0000 - 0x00007ff94a01c000 	C:\WINDOWS\system32\mswsock.dll
0x00007ff904860000 - 0x00007ff904876000 	C:\Users\HP\.vscode\extensions\redhat.java-1.53.0-win32-x64\jre\21.0.10-win32-x86_64\bin\nio.dll
0x00007ff92b950000 - 0x00007ff92b960000 	c:\Users\HP\.vscode\extensions\redhat.java-1.53.0-win32-x64\jre\21.0.10-win32-x86_64\bin\verify.dll
0x00007ff8bbf50000 - 0x00007ff8bbf95000 	C:\Users\HP\AppData\Roaming\Code\User\globalStorage\redhat.java\1.53.0\config_win\org.eclipse.equinox.launcher\org.eclipse.equinox.launcher.win32.win32.x86_64_1.3.0.v20260203-2149\eclipse_11919.dll
0x00007ff94cb40000 - 0x00007ff94ccd7000 	C:\WINDOWS\System32\ole32.dll
0x00007ff94a290000 - 0x00007ff94a2ab000 	C:\WINDOWS\SYSTEM32\CRYPTSP.dll
0x00007ff9499c0000 - 0x00007ff9499f9000 	C:\WINDOWS\system32\rsaenh.dll
0x00007ff94a060000 - 0x00007ff94a093000 	C:\WINDOWS\SYSTEM32\USERENV.dll
0x00007ff94aba0000 - 0x00007ff94abca000 	C:\WINDOWS\SYSTEM32\bcrypt.dll
0x00007ff94a2b0000 - 0x00007ff94a2bc000 	C:\WINDOWS\SYSTEM32\CRYPTBASE.dll
0x00007ff9493f0000 - 0x00007ff949422000 	C:\WINDOWS\SYSTEM32\IPHLPAPI.DLL
0x00007ff94c380000 - 0x00007ff94c38a000 	C:\WINDOWS\System32\NSI.dll
0x00007ff8b4b90000 - 0x00007ff8b4bd9000 	C:\Users\HP\AppData\Local\Temp\jna-2312\jna4231454823550814970.dll
0x00007ff94cce0000 - 0x00007ff94cce8000 	C:\WINDOWS\System32\PSAPI.DLL
0x00007ff942430000 - 0x00007ff94244d000 	C:\WINDOWS\SYSTEM32\dhcpcsvc6.DLL
0x00007ff9423e0000 - 0x00007ff942405000 	C:\WINDOWS\SYSTEM32\dhcpcsvc.DLL
0x00007ff949b60000 - 0x00007ff949b96000 	C:\WINDOWS\SYSTEM32\ntmarta.dll

JVMTI agents:
c:\Users\HP\.vscode\extensions\redhat.java-1.53.0-win32-x64\lombok\lombok-1.18.39-4050.jar path:c:\Users\HP\.vscode\extensions\redhat.java-1.53.0-win32-x64\jre\21.0.10-win32-x86_64\bin\instrument.dll, loaded, initialized, instrumentlib options:none

dbghelp: loaded successfully - version: 4.0.5 - missing functions: none
symbol engine: initialized successfully - sym options: 0x614 - pdb path: .;c:\Users\HP\.vscode\extensions\redhat.java-1.53.0-win32-x64\jre\21.0.10-win32-x86_64\bin;C:\WINDOWS\SYSTEM32;C:\WINDOWS\WinSxS\amd64_microsoft.windows.common-controls_6595b64144ccf1df_6.0.26100.8115_none_3e075c82e3354f9c;c:\Users\HP\.vscode\extensions\redhat.java-1.53.0-win32-x64\jre\21.0.10-win32-x86_64\bin\server;C:\Users\HP\AppData\Roaming\Code\User\globalStorage\redhat.java\1.53.0\config_win\org.eclipse.equinox.launcher\org.eclipse.equinox.launcher.win32.win32.x86_64_1.3.0.v20260203-2149;C:\Users\HP\AppData\Local\Temp\jna-2312

VM Arguments:
jvm_args: --add-modules=ALL-SYSTEM --add-opens=java.base/java.util=ALL-UNNAMED --add-opens=java.base/java.lang=ALL-UNNAMED --add-opens=java.base/sun.nio.fs=ALL-UNNAMED -Declipse.application=org.eclipse.jdt.ls.core.id1 -Dosgi.bundles.defaultStartLevel=4 -Declipse.product=org.eclipse.jdt.ls.core.product -Djava.import.generatesMetadataFilesAtProjectRoot=false -DDetectVMInstallationsJob.disabled=true -Dfile.encoding=utf8 -XX:+UseParallelGC -XX:GCTimeRatio=4 -XX:AdaptiveSizePolicyWeight=90 -Dsun.zip.disableMemoryMapping=true -Xmx2G -Xms100m -Xlog:disable -javaagent:c:\Users\HP\.vscode\extensions\redhat.java-1.53.0-win32-x64\lombok\lombok-1.18.39-4050.jar -XX:+HeapDumpOnOutOfMemoryError -XX:HeapDumpPath=c:\Users\HP\AppData\Roaming\Code\User\workspaceStorage\2fa86284aa2d782e6cc29e919a625255\redhat.java -Daether.dependencyCollector.impl=bf 
java_command: c:\Users\HP\.vscode\extensions\redhat.java-1.53.0-win32-x64\server\plugins\org.eclipse.equinox.launcher_1.7.100.v20251111-0406.jar -configuration c:\Users\HP\AppData\Roaming\Code\User\globalStorage\redhat.java\1.53.0\config_win -data c:\Users\HP\AppData\Roaming\Code\User\workspaceStorage\2fa86284aa2d782e6cc29e919a625255\redhat.java\jdt_ws --pipe=\\.\pipe\lsp-f353cf7ba3ff8483373a08624acfd251-sock
java_class_path (initial): c:\Users\HP\.vscode\extensions\redhat.java-1.53.0-win32-x64\server\plugins\org.eclipse.equinox.launcher_1.7.100.v20251111-0406.jar
Launcher Type: SUN_STANDARD

[Global flags]
    uintx AdaptiveSizePolicyWeight                 = 90                                        {product} {command line}
     intx CICompilerCount                          = 4                                         {product} {ergonomic}
    uintx GCTimeRatio                              = 4                                         {product} {command line}
     bool HeapDumpOnOutOfMemoryError               = true                                   {manageable} {command line}
    ccstr HeapDumpPath                             = c:\Users\HP\AppData\Roaming\Code\User\workspaceStorage\2fa86284aa2d782e6cc29e919a625255\redhat.java         {manageable} {command line}
   size_t InitialHeapSize                          = 104857600                                 {product} {command line}
   size_t MaxHeapSize                              = 2147483648                                {product} {command line}
   size_t MaxNewSize                               = 715653120                                 {product} {ergonomic}
   size_t MinHeapDeltaBytes                        = 524288                                    {product} {ergonomic}
   size_t MinHeapSize                              = 104857600                                 {product} {command line}
   size_t NewSize                                  = 34603008                                  {product} {ergonomic}
    uintx NonNMethodCodeHeapSize                   = 5839372                                {pd product} {ergonomic}
    uintx NonProfiledCodeHeapSize                  = 122909434                              {pd product} {ergonomic}
   size_t OldSize                                  = 70254592                                  {product} {ergonomic}
    uintx ProfiledCodeHeapSize                     = 122909434                              {pd product} {ergonomic}
    uintx ReservedCodeCacheSize                    = 251658240                              {pd product} {ergonomic}
     bool SegmentedCodeCache                       = true                                      {product} {ergonomic}
   size_t SoftMaxHeapSize                          = 2147483648                             {manageable} {ergonomic}
     bool UseCompressedOops                        = true                           {product lp64_product} {ergonomic}
     bool UseLargePagesIndividualAllocation        = false                                  {pd product} {ergonomic}
     bool UseParallelGC                            = true                                      {product} {command line}

Logging:
Log output configuration:
 #0: stdout all=off uptime,level,tags foldmultilines=false
 #1: stderr all=off uptime,level,tags foldmultilines=false

Release file:
JAVA_VERSION="21.0.10" 
MODULES="java.base java.compiler java.datatransfer java.xml java.prefs java.desktop java.instrument java.logging java.management java.security.sasl java.naming java.rmi java.management.rmi java.net.http java.scripting java.security.jgss java.transaction.xa java.sql java.sql.rowset java.xml.crypto java.se java.smartcardio jdk.accessibility jdk.internal.jvmstat jdk.attach jdk.charsets jdk.internal.opt jdk.zipfs jdk.compiler jdk.crypto.ec jdk.crypto.cryptoki jdk.crypto.mscapi jdk.dynalink jdk.internal.ed jdk.editpad jdk.hotspot.agent jdk.httpserver jdk.internal.le jdk.internal.vm.ci jdk.internal.vm.compiler jdk.internal.vm.compiler.management jdk.jartool jdk.javadoc jdk.jcmd jdk.management jdk.management.agent jdk.jconsole jdk.jdeps jdk.jdwp.agent jdk.jdi jdk.jfr jdk.jshell jdk.jsobject jdk.jstatd jdk.localedata jdk.management.jfr jdk.naming.dns jdk.naming.rmi jdk.net jdk.nio.mapmode jdk.random jdk.sctp jdk.security.auth jdk.security.jgss jdk.unsupported jdk.unsupported.desktop jdk.xml.dom" 

Environment Variables:
JAVA_HOME=C:\Program Files\Java\jdk-22
PATH=C:\Users\HP\AppData\Local\Programs\Microsoft VS Code;C:\Program Files\Java\jdk-22\bin;C:\WINDOWS\system32;C:\WINDOWS;C:\WINDOWS\System32\Wbem;C:\WINDOWS\System32\WindowsPowerShell\v1.0\;C:\WINDOWS\System32\OpenSSH\;C:\Program Files\Git\cmd;C:\Program Files\Microsoft SQL Server\150\Tools\Binn\;C:\Program Files (x86)\Microsoft SQL Server\160\Tools\Binn\;C:\Program Files\Microsoft SQL Server\160\Tools\Binn\;C:\Program Files\Microsoft SQL Server\Client SDK\ODBC\170\Tools\Binn\;C:\Program Files\Microsoft SQL Server\160\DTS\Binn\;C:\Program Files (x86)\Microsoft SQL Server\160\DTS\Binn\;C:\Program Files\Azure Data Studio\bin;C:\Program Files\dotnet\;Microsoft Windows [Version 10.0.26100.3624];C:\Users\HP\Downloads\flutter_windows_3.29.2-stable\flutter\bin;C:\Users\HP\AppData\Local\Android\Sdk\cmdline-tools\latest\bin;D:\2025 - 2026\HK1\WEB DEV\apache-maven-3.9.9\bin;C:\Users\HP\AppData\Local\Programs\Python\Python313\Scripts\;C:\Users\HP\AppData\Local\Programs\Python\Python313\;C:\Program Files\Java\jdk-22\bin;D:\2025-2026\HK1\WEBDEV\apache-maven-3.9.9\bin;C:\Program Files\Common Files\Oracle\Java\javapath;D:\WEB\;D:\cursor\resources\app\bin;C:\Users\HP\AppData\Local\Programs\Python\Python313\Scripts\;C:\Users\HP\AppData\Local\Programs\Python\Python313\;C:\Users\HP\AppData\Local\Programs\Python\Launcher\;C:\Users\HP\AppData\Local\Microsoft\WindowsApps;C:\Users\HP\AppData\Local\Programs\Microsoft VS Code\bin;C:\Users\HP\Downloads;C:\msys64\ucrt64\bin;C:\Program Files\Azure Data Studio\bin;C:\Users\HP\.dotnet\tools;C:\Users\HP\Downloads\flutter_windows_3.29.2-stable\flutter;D:\FLUTTER\flutter_windows_3.32.2-stable\flutter\bin;D:\FLUTTER\flutter_windows_3.32.2-stable\flutter;C:\Users\HP\AppData\Roaming\npm;D:\vff\cursor\resources\app\bin
USERNAME=HP
OS=Windows_NT
PROCESSOR_IDENTIFIER=Intel64 Family 6 Model 186 Stepping 3, GenuineIntel
TMP=C:\Users\HP\AppData\Local\Temp
TEMP=C:\Users\HP\AppData\Local\Temp




Periodic native trim disabled

---------------  S Y S T E M  ---------------

OS:
 Windows 11 , 64 bit Build 26100 (10.0.26100.8115)
OS uptime: 0 days 0:55 hours
Hyper-V role detected

CPU: total 12 (initial active 12) (6 cores per cpu, 2 threads per core) family 6 model 186 stepping 3 microcode 0x4114, cx8, cmov, fxsr, ht, mmx, 3dnowpref, sse, sse2, sse3, ssse3, sse4.1, sse4.2, popcnt, lzcnt, tsc, tscinvbit, avx, avx2, aes, erms, clmul, bmi1, bmi2, adx, sha, fma, vzeroupper, clflush, clflushopt, clwb, hv, serialize, rdtscp, rdpid, fsrm, f16c, cet_ibt, cet_ss
Processor Information for processor 0
  Max Mhz: 1700, Current Mhz: 1700, Mhz Limit: 1700
Processor Information for processor 1
  Max Mhz: 1700, Current Mhz: 1700, Mhz Limit: 1700
Processor Information for processor 2
  Max Mhz: 1700, Current Mhz: 1700, Mhz Limit: 1700
Processor Information for processor 3
  Max Mhz: 1700, Current Mhz: 1700, Mhz Limit: 1700
Processor Information for processor 4
  Max Mhz: 1700, Current Mhz: 1200, Mhz Limit: 1190
Processor Information for processor 5
  Max Mhz: 1700, Current Mhz: 1200, Mhz Limit: 1190
Processor Information for processor 6
  Max Mhz: 1700, Current Mhz: 1200, Mhz Limit: 1190
Processor Information for processor 7
  Max Mhz: 1700, Current Mhz: 1200, Mhz Limit: 1190
Processor Information for processor 8
  Max Mhz: 1700, Current Mhz: 1200, Mhz Limit: 1190
Processor Information for processor 9
  Max Mhz: 1700, Current Mhz: 1200, Mhz Limit: 1190
Processor Information for processor 10
  Max Mhz: 1700, Current Mhz: 1200, Mhz Limit: 1190
Processor Information for processor 11
  Max Mhz: 1700, Current Mhz: 1200, Mhz Limit: 1190

Memory: 4k page, system-wide physical 16024M (1222M free)
TotalPageFile size 26964M (AvailPageFile size 18M)
current process WorkingSet (physical memory assigned to process): 868M, peak: 871M
current process commit charge ("private bytes"): 934M, peak: 937M

vm_info: OpenJDK 64-Bit Server VM (21.0.10+7-LTS) for windows-amd64 JRE (21.0.10+7-LTS), built on 2026-01-20T00:00:00Z by "admin" with MS VC++ 17.12 (VS2022)

END.
